<?xml version="1.0" encoding="UTF-8"?>
<testsuite xmlns:xsi="http://www.w3.org/2001/XMLSchema-instance" xsi:noNamespaceSchemaLocation="https://maven.apache.org/surefire/maven-surefire-plugin/xsd/surefire-test-report.xsd" name="com.macrosoftas.TestExample" time="78.074" tests="3" errors="0" skipped="0" failures="0">
  <properties>
    <property name="sun.desktop" value="windows"/>
    <property name="awt.toolkit" value="sun.awt.windows.WToolkit"/>
    <property name="java.specification.version" value="11"/>
    <property name="sun.cpu.isalist" value="amd64"/>
    <property name="sun.jnu.encoding" value="Cp1252"/>
    <property name="java.class.path" value="D:\code\TESTS\playwright-e2e-testing\e2eSample\target\test-classes;D:\code\TESTS\playwright-e2e-testing\e2eSample\target\classes;C:\Users\SOULEYSANOGO\.m2\repository\junit\junit\3.8.1\junit-3.8.1.jar;C:\Users\SOULEYSANOGO\.m2\repository\com\microsoft\playwright\playwright\1.9.0-alpha-0\playwright-1.9.0-alpha-0.jar;C:\Users\SOULEYSANOGO\.m2\repository\com\google\code\gson\gson\2.8.6\gson-2.8.6.jar;C:\Users\SOULEYSANOGO\.m2\repository\org\java-websocket\Java-WebSocket\1.5.1\Java-WebSocket-1.5.1.jar;C:\Users\SOULEYSANOGO\.m2\repository\org\slf4j\slf4j-api\1.7.25\slf4j-api-1.7.25.jar;C:\Users\SOULEYSANOGO\.m2\repository\com\microsoft\playwright\driver\1.9.0-alpha-0\driver-1.9.0-alpha-0.jar;C:\Users\SOULEYSANOGO\.m2\repository\com\microsoft\playwright\driver-bundle\1.9.0-alpha-0\driver-bundle-1.9.0-alpha-0.jar;C:\Users\SOULEYSANOGO\.m2\repository\org\junit\jupiter\junit-jupiter-engine\5.5.2\junit-jupiter-engine-5.5.2.jar;C:\Users\SOULEYSANOGO\.m2\repository\org\apiguardian\apiguardian-api\1.1.0\apiguardian-api-1.1.0.jar;C:\Users\SOULEYSANOGO\.m2\repository\org\junit\platform\junit-platform-engine\1.5.2\junit-platform-engine-1.5.2.jar;C:\Users\SOULEYSANOGO\.m2\repository\org\opentest4j\opentest4j\1.2.0\opentest4j-1.2.0.jar;C:\Users\SOULEYSANOGO\.m2\repository\org\junit\platform\junit-platform-commons\1.5.2\junit-platform-commons-1.5.2.jar;C:\Users\SOULEYSANOGO\.m2\repository\org\junit\jupiter\junit-jupiter-api\5.5.2\junit-jupiter-api-5.5.2.jar;"/>
    <property name="java.vm.vendor" value="Oracle Corporation"/>
    <property name="sun.arch.data.model" value="64"/>
    <property name="user.variant" value=""/>
    <property name="java.vendor.url" value="https://openjdk.java.net/"/>
    <property name="user.timezone" value="GMT"/>
    <property name="java.vm.specification.version" value="11"/>
    <property name="os.name" value="Windows 10"/>
    <property name="sun.java.launcher" value="SUN_STANDARD"/>
    <property name="user.country" value="FR"/>
    <property name="sun.boot.library.path" value="C:\Program Files\Java\jdk-11.0.9\bin"/>
    <property name="sun.java.command" value="C:\Users\SOULEY~1\AppData\Local\Temp\surefire13503551601980897217\surefirebooter9622218997766175463.jar C:\Users\SOULEYSANOGO\AppData\Local\Temp\surefire13503551601980897217 2021-08-26T10-53-18_727-jvmRun1 surefire2610896026368676551tmp surefire_09758135551382948737tmp"/>
    <property name="jdk.debug" value="release"/>
    <property name="surefire.test.class.path" value="D:\code\TESTS\playwright-e2e-testing\e2eSample\target\test-classes;D:\code\TESTS\playwright-e2e-testing\e2eSample\target\classes;C:\Users\SOULEYSANOGO\.m2\repository\junit\junit\3.8.1\junit-3.8.1.jar;C:\Users\SOULEYSANOGO\.m2\repository\com\microsoft\playwright\playwright\1.9.0-alpha-0\playwright-1.9.0-alpha-0.jar;C:\Users\SOULEYSANOGO\.m2\repository\com\google\code\gson\gson\2.8.6\gson-2.8.6.jar;C:\Users\SOULEYSANOGO\.m2\repository\org\java-websocket\Java-WebSocket\1.5.1\Java-WebSocket-1.5.1.jar;C:\Users\SOULEYSANOGO\.m2\repository\org\slf4j\slf4j-api\1.7.25\slf4j-api-1.7.25.jar;C:\Users\SOULEYSANOGO\.m2\repository\com\microsoft\playwright\driver\1.9.0-alpha-0\driver-1.9.0-alpha-0.jar;C:\Users\SOULEYSANOGO\.m2\repository\com\microsoft\playwright\driver-bundle\1.9.0-alpha-0\driver-bundle-1.9.0-alpha-0.jar;C:\Users\SOULEYSANOGO\.m2\repository\org\junit\jupiter\junit-jupiter-engine\5.5.2\junit-jupiter-engine-5.5.2.jar;C:\Users\SOULEYSANOGO\.m2\repository\org\apiguardian\apiguardian-api\1.1.0\apiguardian-api-1.1.0.jar;C:\Users\SOULEYSANOGO\.m2\repository\org\junit\platform\junit-platform-engine\1.5.2\junit-platform-engine-1.5.2.jar;C:\Users\SOULEYSANOGO\.m2\repository\org\opentest4j\opentest4j\1.2.0\opentest4j-1.2.0.jar;C:\Users\SOULEYSANOGO\.m2\repository\org\junit\platform\junit-platform-commons\1.5.2\junit-platform-commons-1.5.2.jar;C:\Users\SOULEYSANOGO\.m2\repository\org\junit\jupiter\junit-jupiter-api\5.5.2\junit-jupiter-api-5.5.2.jar;"/>
    <property name="sun.cpu.endian" value="little"/>
    <property name="user.home" value="C:\Users\SOULEYSANOGO"/>
    <property name="user.language" value="fr"/>
    <property name="java.specification.vendor" value="Oracle Corporation"/>
    <property name="java.version.date" value="2020-10-20"/>
    <property name="java.home" value="C:\Program Files\Java\jdk-11.0.9"/>
    <property name="file.separator" value="\"/>
    <property name="basedir" value="D:\code\TESTS\playwright-e2e-testing\e2eSample"/>
    <property name="java.vm.compressedOopsMode" value="32-bit"/>
    <property name="line.separator" value="&#10;"/>
    <property name="java.specification.name" value="Java Platform API Specification"/>
    <property name="java.vm.specification.vendor" value="Oracle Corporation"/>
    <property name="java.awt.graphicsenv" value="sun.awt.Win32GraphicsEnvironment"/>
    <property name="surefire.real.class.path" value="C:\Users\SOULEY~1\AppData\Local\Temp\surefire13503551601980897217\surefirebooter9622218997766175463.jar"/>
    <property name="user.script" value=""/>
    <property name="sun.management.compiler" value="HotSpot 64-Bit Tiered Compilers"/>
    <property name="java.runtime.version" value="11.0.9+7-LTS"/>
    <property name="user.name" value="SOULEYSANOGO"/>
    <property name="path.separator" value=";"/>
    <property name="os.version" value="10.0"/>
    <property name="java.runtime.name" value="Java(TM) SE Runtime Environment"/>
    <property name="file.encoding" value="Cp1252"/>
    <property name="java.vm.name" value="Java HotSpot(TM) 64-Bit Server VM"/>
    <property name="java.vendor.version" value="18.9"/>
    <property name="localRepository" value="C:\Users\SOULEYSANOGO\.m2\repository"/>
    <property name="java.vendor.url.bug" value="https://bugreport.java.com/bugreport/"/>
    <property name="java.io.tmpdir" value="C:\Users\SOULEY~1\AppData\Local\Temp\"/>
    <property name="java.version" value="11.0.9"/>
    <property name="user.dir" value="D:\code\TESTS\playwright-e2e-testing\e2eSample"/>
    <property name="os.arch" value="amd64"/>
    <property name="java.vm.specification.name" value="Java Virtual Machine Specification"/>
    <property name="java.awt.printerjob" value="sun.awt.windows.WPrinterJob"/>
    <property name="sun.os.patch.level" value=""/>
    <property name="java.library.path" value="C:\Program Files\Java\jdk-11.0.9\bin;C:\WINDOWS\Sun\Java\bin;C:\WINDOWS\system32;C:\WINDOWS;C:\WINDOWS\system32;C:\WINDOWS;C:\WINDOWS\System32\Wbem;C:\WINDOWS\System32\WindowsPowerShell\v1.0\;C:\WINDOWS\System32\OpenSSH\;C:\Program Files\Git\cmd;C:\Program Files\nodejs\;C:\TOOLS\apache-maven-3.6.3\bin;C:\PHP;C:\ProgramData\ComposerSetup\bin;C:\Program Files\Java\jdk-11.0.9\bin;C:\TOOLS\gradle-6.5.1\bin;C:\Program Files\PuTTY\;C:\TOOLS\tagui\src;C:\Program Files\dotnet\;C:\Program Files\Microsoft SQL Server\130\Tools\Binn\;C:\Program Files\Microsoft SQL Server\Client SDK\ODBC\170\Tools\Binn\;C:\TOOLS\geckodriver-v0.29.0-win64;C:\TOOLS\flutter\bin;C:\TOOLS\cucumber\node_modules\.bin;&quot;C:\Users\SOULEYSANOGO\AppData\Local\Android\sdk\tools;C:\Users\SOULEYSANOGO\AppData\Local\Android\sdk\platform-tools&quot;;C:\TOOLS\apache-ant-1.8.4\bin;C:\Users\SOULEYSANOGO\AppData\Local\Android\Sdk\cmdline-tools\latest\bin;C:\Users\SOULEYSANOGO\AppData\Local\Android\Sdk\platform-tools;C:\Users\SOULEYSANOGO\AppData\Local\Android\Sdk\platforms;C:\Users\SOULEYSANOGO\AppData\Local\Android\Sdk\tools;C:\Program Files\MongoDB\Server\5.0\bin;C:\TOOLS\kotlinc\bin;c:\jruby-9.2.19.0\bin;C:\Ruby26-x64\bin;C:\Users\SOULEYSANOGO\AppData\Local\Programs\Python\Python39\Scripts\;C:\Users\SOULEYSANOGO\AppData\Local\Programs\Python\Python39\;C:\Users\SOULEYSANOGO\AppData\Local\Microsoft\WindowsApps;C:\Users\SOULEYSANOGO\AppData\Roaming\npm;C:\Users\SOULEYSANOGO\AppData\Roaming\Composer\vendor\bin;C:\Program Files\heroku\bin;C:\Users\SOULEYSANOGO\.dotnet\tools;C:\Users\SOULEYSANOGO\AppData\Local\Programs\Microsoft VS Code\bin;."/>
    <property name="java.vendor" value="Oracle Corporation"/>
    <property name="java.vm.info" value="mixed mode"/>
    <property name="java.vm.version" value="11.0.9+7-LTS"/>
    <property name="sun.io.unicode.encoding" value="UnicodeLittle"/>
    <property name="java.class.version" value="55.0"/>
  </properties>
  <testcase name="shouldCheckTheBox" classname="com.macrosoftas.TestExample" time="4.133"/>
  <testcase name="shouldClickButton" classname="com.macrosoftas.TestExample" time="0.344"/>
  <testcase name="shouldSearchWiki" classname="com.macrosoftas.TestExample" time="10.137"/>
</testsuite>